This is XeTeX, Version 3.14159265-2.6-0.99999 (MiKTeX 2.9.6630 64-bit) (preloaded format=xelatex 2018.3.28)  4 MAY 2018 18:53
entering extended mode
**./鲸鱼优化算法报告.tex
(鲸鱼优化算法报告.tex
LaTeX2e <2017-04-15>
Babel <3.18> and hyphenation patterns for 75 language(s) loaded.
("C:\Program Files\MiKTeX 2.9\tex\latex\base\article.cls"
Document Class: article 2014/09/29 v1.4h Standard LaTeX document class
("C:\Program Files\MiKTeX 2.9\tex\latex\base\size12.clo"
File: size12.clo 2014/09/29 v1.4h Standard LaTeX file (size option)
)
\c@part=\count79
\c@section=\count80
\c@subsection=\count81
\c@subsubsection=\count82
\c@paragraph=\count83
\c@subparagraph=\count84
\c@figure=\count85
\c@table=\count86
\abovecaptionskip=\skip41
\belowcaptionskip=\skip42
\bibindent=\dimen102
)
("C:\Program Files\MiKTeX 2.9\tex\latex\xcolor\xcolor.sty"
Package: xcolor 2016/05/11 v2.12 LaTeX color extensions (UK)

("C:\Program Files\MiKTeX 2.9\tex\latex\graphics-cfg\color.cfg"
File: color.cfg 2016/01/02 v1.6 sample color configuration
)
Package xcolor Info: Driver file: xetex.def on input line 225.

("C:\Program Files\MiKTeX 2.9\tex\latex\graphics-def\xetex.def"
File: xetex.def 2017/06/24 v5.0h Graphics/color driver for xetex
)
Package xcolor Info: Model `cmy' substituted by `cmy0' on input line 1348.
Package xcolor Info: Model `RGB' extended on input line 1364.
Package xcolor Info: Model `HTML' substituted by `rgb' on input line 1366.
Package xcolor Info: Model `Hsb' substituted by `hsb' on input line 1367.
Package xcolor Info: Model `tHsb' substituted by `hsb' on input line 1368.
Package xcolor Info: Model `HSB' substituted by `hsb' on input line 1369.
Package xcolor Info: Model `Gray' substituted by `gray' on input line 1370.
Package xcolor Info: Model `wave' substituted by `hsb' on input line 1371.
)
("C:\Program Files\MiKTeX 2.9\tex\latex\titlesec\titlesec.sty"
Package: titlesec 2016/03/21 v2.10.2 Sectioning titles
\ttl@box=\box26
\beforetitleunit=\skip43
\aftertitleunit=\skip44
\ttl@plus=\dimen103
\ttl@minus=\dimen104
\ttl@toksa=\toks14
\titlewidth=\dimen105
\titlewidthlast=\dimen106
\titlewidthfirst=\dimen107
)
("C:\Program Files\MiKTeX 2.9\tex\latex\fontspec\fontspec.sty"
("C:\Program Files\MiKTeX 2.9\tex\latex\l3packages\xparse\xparse.sty"
("C:\Program Files\MiKTeX 2.9\tex\latex\l3kernel\expl3.sty"
Package: expl3 2018/03/05 L3 programming layer (loader) 

("C:\Program Files\MiKTeX 2.9\tex\latex\l3kernel\expl3-code.tex"
Package: expl3 2018/03/05 L3 programming layer (code)
\c_max_int=\count87
\l_tmpa_int=\count88
\l_tmpb_int=\count89
\g_tmpa_int=\count90
\g_tmpb_int=\count91
\g__intarray_font_int=\count92
\g__prg_map_int=\count93
\c_log_iow=\count94
\l_iow_line_count_int=\count95
\l__iow_line_target_int=\count96
\l__iow_one_indent_int=\count97
\l__iow_indent_int=\count98
\c_zero_dim=\dimen108
\c_max_dim=\dimen109
\l_tmpa_dim=\dimen110
\l_tmpb_dim=\dimen111
\g_tmpa_dim=\dimen112
\g_tmpb_dim=\dimen113
\c_zero_skip=\skip45
\c_max_skip=\skip46
\l_tmpa_skip=\skip47
\l_tmpb_skip=\skip48
\g_tmpa_skip=\skip49
\g_tmpb_skip=\skip50
\c_zero_muskip=\muskip10
\c_max_muskip=\muskip11
\l_tmpa_muskip=\muskip12
\l_tmpb_muskip=\muskip13
\g_tmpa_muskip=\muskip14
\g_tmpb_muskip=\muskip15
\l_keys_choice_int=\count99
\c__fp_leading_shift_int=\count100
\c__fp_middle_shift_int=\count101
\c__fp_trailing_shift_int=\count102
\c__fp_big_leading_shift_int=\count103
\c__fp_big_middle_shift_int=\count104
\c__fp_big_trailing_shift_int=\count105
\c__fp_Bigg_leading_shift_int=\count106
\c__fp_Bigg_middle_shift_int=\count107
\c__fp_Bigg_trailing_shift_int=\count108
\l__sort_length_int=\count109
\l__sort_min_int=\count110
\l__sort_top_int=\count111
\l__sort_max_int=\count112
\l__sort_true_max_int=\count113
\l__sort_block_int=\count114
\l__sort_begin_int=\count115
\l__sort_end_int=\count116
\l__sort_A_int=\count117
\l__sort_B_int=\count118
\l__sort_C_int=\count119
\l__tl_build_start_index_int=\count120
\l__tl_build_index_int=\count121
\l__tl_analysis_normal_int=\count122
\l__tl_analysis_index_int=\count123
\l__tl_analysis_nesting_int=\count124
\l__tl_analysis_type_int=\count125
\l__regex_internal_a_int=\count126
\l__regex_internal_b_int=\count127
\l__regex_internal_c_int=\count128
\l__regex_balance_int=\count129
\l__regex_group_level_int=\count130
\l__regex_mode_int=\count131
\c__regex_cs_in_class_mode_int=\count132
\c__regex_cs_mode_int=\count133
\l__regex_catcodes_int=\count134
\l__regex_default_catcodes_int=\count135
\c__regex_catcode_L_int=\count136
\c__regex_catcode_O_int=\count137
\c__regex_catcode_A_int=\count138
\c__regex_all_catcodes_int=\count139
\l__regex_show_lines_int=\count140
\l__regex_min_state_int=\count141
\l__regex_max_state_int=\count142
\l__regex_left_state_int=\count143
\l__regex_right_state_int=\count144
\l__regex_capturing_group_int=\count145
\l__regex_min_pos_int=\count146
\l__regex_max_pos_int=\count147
\l__regex_curr_pos_int=\count148
\l__regex_start_pos_int=\count149
\l__regex_success_pos_int=\count150
\l__regex_curr_char_int=\count151
\l__regex_curr_catcode_int=\count152
\l__regex_last_char_int=\count153
\l__regex_case_changed_char_int=\count154
\l__regex_curr_state_int=\count155
\l__regex_step_int=\count156
\l__regex_min_active_int=\count157
\l__regex_max_active_int=\count158
\l__regex_replacement_csnames_int=\count159
\l__regex_match_count_int=\count160
\l__regex_min_submatch_int=\count161
\l__regex_submatch_int=\count162
\l__regex_zeroth_submatch_int=\count163
\g__regex_trace_regex_int=\count164
\c_empty_box=\box27
\l_tmpa_box=\box28
\l_tmpb_box=\box29
\g_tmpa_box=\box30
\g_tmpb_box=\box31
\l__box_top_dim=\dimen114
\l__box_bottom_dim=\dimen115
\l__box_left_dim=\dimen116
\l__box_right_dim=\dimen117
\l__box_top_new_dim=\dimen118
\l__box_bottom_new_dim=\dimen119
\l__box_left_new_dim=\dimen120
\l__box_right_new_dim=\dimen121
\l__box_internal_box=\box32
\l__coffin_internal_box=\box33
\l__coffin_internal_dim=\dimen122
\l__coffin_offset_x_dim=\dimen123
\l__coffin_offset_y_dim=\dimen124
\l__coffin_x_dim=\dimen125
\l__coffin_y_dim=\dimen126
\l__coffin_x_prime_dim=\dimen127
\l__coffin_y_prime_dim=\dimen128
\c_empty_coffin=\box34
\l__coffin_aligned_coffin=\box35
\l__coffin_aligned_internal_coffin=\box36
\l_tmpa_coffin=\box37
\l_tmpb_coffin=\box38
\l__coffin_display_coffin=\box39
\l__coffin_display_coord_coffin=\box40
\l__coffin_display_pole_coffin=\box41
\l__coffin_display_offset_dim=\dimen129
\l__coffin_display_x_dim=\dimen130
\l__coffin_display_y_dim=\dimen131
\l__coffin_bounding_shift_dim=\dimen132
\l__coffin_left_corner_dim=\dimen133
\l__coffin_right_corner_dim=\dimen134
\l__coffin_bottom_corner_dim=\dimen135
\l__coffin_top_corner_dim=\dimen136
\l__coffin_scaled_total_height_dim=\dimen137
\l__coffin_scaled_width_dim=\dimen138
)
("C:\Program Files\MiKTeX 2.9\tex\latex\l3kernel\l3xdvipdfmx.def"
File: l3xdvidpfmx.def 2017/03/18 v L3 Experimental driver: xdvipdfmx
\g__driver_image_int=\count165
))
Package: xparse 2018/02/21 L3 Experimental document command parser
\l__xparse_current_arg_int=\count166
\g__xparse_grabber_int=\count167
\l__xparse_m_args_int=\count168
\l__xparse_mandatory_args_int=\count169
\l__xparse_v_nesting_int=\count170
)
Package: fontspec 2017/11/09 v2.6g Font selection for XeLaTeX and LuaLaTeX

("C:\Program Files\MiKTeX 2.9\tex\latex\fontspec\fontspec-xetex.sty"
Package: fontspec-xetex 2017/11/09 v2.6g Font selection for XeLaTeX and LuaLaTe
X
\l__fontspec_script_int=\count171
\l__fontspec_language_int=\count172
\l__fontspec_strnum_int=\count173
\l__fontspec_tmp_int=\count174
\l__fontspec_em_int=\count175
\l__fontspec_emdef_int=\count176
\l__fontspec_strong_int=\count177
\l__fontspec_strongdef_int=\count178
\l__fontspec_tmpa_dim=\dimen139
\l__fontspec_tmpb_dim=\dimen140
\l__fontspec_tmpc_dim=\dimen141
\g__file_internal_ior=\read1

("C:\Program Files\MiKTeX 2.9\tex\latex\base\fontenc.sty"
Package: fontenc 2017/04/05 v2.0i Standard LaTeX package

("C:\Program Files\MiKTeX 2.9\tex\latex\base\tuenc.def"
File: tuenc.def 2017/04/05 v2.0i Standard LaTeX file
LaTeX Font Info:    Redeclaring font encoding TU on input line 82.
))
.................................................
. LaTeX info: "xparse/define-command"
. 
. Defining command \fontspec with sig. 'O{}mO{}' on line 542.
.................................................
.................................................
. LaTeX info: "xparse/define-command"
. 
. Defining command \setmainfont with sig. 'O{}mO{}' on line 546.
.................................................
.................................................
. LaTeX info: "xparse/define-command"
. 
. Defining command \setsansfont with sig. 'O{}mO{}' on line 550.
.................................................
.................................................
. LaTeX info: "xparse/define-command"
. 
. Defining command \setmonofont with sig. 'O{}mO{}' on line 554.
.................................................
.................................................
. LaTeX info: "xparse/define-command"
. 
. Defining command \setmathrm with sig. 'O{}mO{}' on line 558.
.................................................
.................................................
. LaTeX info: "xparse/define-command"
. 
. Defining command \setboldmathrm with sig. 'O{}mO{}' on line 562.
.................................................
.................................................
. LaTeX info: "xparse/define-command"
. 
. Defining command \setmathsf with sig. 'O{}mO{}' on line 566.
.................................................
.................................................
. LaTeX info: "xparse/define-command"
. 
. Defining command \setmathtt with sig. 'O{}mO{}' on line 570.
.................................................
.................................................
. LaTeX info: "xparse/define-command"
. 
. Defining command \setromanfont with sig. 'O{}mO{}' on line 574.
.................................................
.................................................
. LaTeX info: "xparse/define-command"
. 
. Defining command \newfontfamily with sig. 'mO{}mO{}' on line 578.
.................................................
.................................................
. LaTeX info: "xparse/define-command"
. 
. Defining command \newfontface with sig. 'mO{}mO{}' on line 582.
.................................................
.................................................
. LaTeX info: "xparse/define-command"
. 
. Defining command \defaultfontfeatures with sig. 't+om' on line 586.
.................................................
.................................................
. LaTeX info: "xparse/define-command"
. 
. Defining command \addfontfeatures with sig. 'm' on line 590.
.................................................
.................................................
. LaTeX info: "xparse/define-command"
. 
. Defining command \addfontfeature with sig. 'm' on line 594.
.................................................
.................................................
. LaTeX info: "xparse/define-command"
. 
. Defining command \newfontfeature with sig. 'mm' on line 598.
.................................................
.................................................
. LaTeX info: "xparse/define-command"
. 
. Defining command \newAATfeature with sig. 'mmmm' on line 602.
.................................................
.................................................
. LaTeX info: "xparse/define-command"
. 
. Defining command \newopentypefeature with sig. 'mmm' on line 606.
.................................................
.................................................
. LaTeX info: "xparse/define-command"
. 
. Defining command \newICUfeature with sig. 'mmm' on line 610.
.................................................
.................................................
. LaTeX info: "xparse/define-command"
. 
. Defining command \aliasfontfeature with sig. 'mm' on line 614.
.................................................
.................................................
. LaTeX info: "xparse/define-command"
. 
. Defining command \aliasfontfeatureoption with sig. 'mmm' on line 618.
.................................................
.................................................
. LaTeX info: "xparse/define-command"
. 
. Defining command \newfontscript with sig. 'mm' on line 622.
.................................................
.................................................
. LaTeX info: "xparse/define-command"
. 
. Defining command \newfontlanguage with sig. 'mm' on line 626.
.................................................
.................................................
. LaTeX info: "xparse/define-command"
. 
. Defining command \DeclareFontsExtensions with sig. 'm' on line 630.
.................................................
.................................................
. LaTeX info: "xparse/define-command"
. 
. Defining command \IfFontFeatureActiveTF with sig. 'mmm' on line 634.
.................................................
.................................................
. LaTeX info: "xparse/define-command"
. 
. Defining command \EncodingCommand with sig. 'mO{}m' on line 3632.
.................................................
.................................................
. LaTeX info: "xparse/define-command"
. 
. Defining command \EncodingAccent with sig. 'mm' on line 3638.
.................................................
.................................................
. LaTeX info: "xparse/define-command"
. 
. Defining command \EncodingSymbol with sig. 'mm' on line 3644.
.................................................
.................................................
. LaTeX info: "xparse/define-command"
. 
. Defining command \EncodingComposite with sig. 'mmm' on line 3650.
.................................................
.................................................
. LaTeX info: "xparse/define-command"
. 
. Defining command \EncodingCompositeCommand with sig. 'mmm' on line 3656.
.................................................
.................................................
. LaTeX info: "xparse/define-command"
. 
. Defining command \DeclareUnicodeEncoding with sig. 'mm' on line 3681.
.................................................
.................................................
. LaTeX info: "xparse/define-command"
. 
. Defining command \UndeclareSymbol with sig. 'm' on line 3687.
.................................................
.................................................
. LaTeX info: "xparse/define-command"
. 
. Defining command \UndeclareAccent with sig. 'm' on line 3693.
.................................................
.................................................
. LaTeX info: "xparse/define-command"
. 
. Defining command \UndeclareCommand with sig. 'm' on line 3699.
.................................................
.................................................
. LaTeX info: "xparse/define-command"
. 
. Defining command \UndeclareComposite with sig. 'mm' on line 3706.
.................................................

("C:\Program Files\MiKTeX 2.9\tex\latex\fontspec\fontspec.cfg")
LaTeX Info: Redefining \itshape on input line 3891.
LaTeX Info: Redefining \slshape on input line 3896.
LaTeX Info: Redefining \scshape on input line 3901.
LaTeX Info: Redefining \upshape on input line 3906.
LaTeX Info: Redefining \em on input line 3936.
LaTeX Info: Redefining \emph on input line 3961.
LaTeX Info: Redefining \- on input line 4015.
.................................................
. LaTeX info: "xparse/redefine-command"
. 
. Redefining command \oldstylenums with sig. 'm' on line 4110.
.................................................
.................................................
. LaTeX info: "xparse/define-command"
. 
. Defining command \liningnums with sig. 'm' on line 4114.
.................................................
))
("C:\Program Files\MiKTeX 2.9\tex\xelatex\xunicode\xunicode.sty"
File: xunicode.sty 2011/09/09 v0.981 provides access to latin accents and many 
other characters in Unicode lower plane

("C:\Program Files\MiKTeX 2.9\tex\latex\tipa\t3enc.def"
File: t3enc.def 2001/12/31 T3 encoding
)
\tipaTiiicode=\count179
\tipasavetokens=\toks15
\tipachecktokens=\toks16

("C:\Program Files\MiKTeX 2.9\tex\latex\graphics\graphicx.sty"
Package: graphicx 2017/06/01 v1.1a Enhanced LaTeX Graphics (DPC,SPQR)

("C:\Program Files\MiKTeX 2.9\tex\latex\graphics\keyval.sty"
Package: keyval 2014/10/28 v1.15 key=value parser (DPC)
\KV@toks@=\toks17
)
("C:\Program Files\MiKTeX 2.9\tex\latex\graphics\graphics.sty"
Package: graphics 2017/06/25 v1.2c Standard LaTeX Graphics (DPC,SPQR)

("C:\Program Files\MiKTeX 2.9\tex\latex\graphics\trig.sty"
Package: trig 2016/01/03 v1.10 sin cos tan (DPC)
)
("C:\Program Files\MiKTeX 2.9\tex\latex\graphics-cfg\graphics.cfg"
File: graphics.cfg 2016/06/04 v1.11 sample graphics configuration
)
Package graphics Info: Driver file: xetex.def on input line 99.
)
\Gin@req@height=\dimen142
\Gin@req@width=\dimen143
))
("C:\Program Files\MiKTeX 2.9\tex\latex\xltxtra\xltxtra.sty"
Package: xltxtra 2016/01/21 v0.6 Improvements for the "XeLaTeX" format

("C:\Program Files\MiKTeX 2.9\tex\generic\oberdiek\ifluatex.sty"
Package: ifluatex 2016/05/16 v1.4 Provides the ifluatex switch (HO)
Package ifluatex Info: LuaTeX not detected.
)
("C:\Program Files\MiKTeX 2.9\tex\generic\ifxetex\ifxetex.sty"
Package: ifxetex 2010/09/12 v0.6 Provides ifxetex conditional
)
("C:\Program Files\MiKTeX 2.9\tex\latex\realscripts\realscripts.sty"
Package: realscripts 2016/02/13 v0.3d Access OpenType subscripts and superscrip
ts
.................................................
. LaTeX info: "xparse/define-command"
. 
. Defining command \fakesubscript with sig. 'm' on line 19.
.................................................
.................................................
. LaTeX info: "xparse/define-command"
. 
. Defining command \fakesuperscript with sig. 'm' on line 22.
.................................................
.................................................
. LaTeX info: "xparse/redefine-command"
. 
. Redefining command \textsubscript with sig. 's' on line 25.
.................................................
.................................................
. LaTeX info: "xparse/redefine-command"
. 
. Redefining command \textsuperscript with sig. 's' on line 28.
.................................................
.................................................
. LaTeX info: "xparse/define-command"
. 
. Defining command \realsubscript with sig. 'm' on line 45.
.................................................
.................................................
. LaTeX info: "xparse/define-command"
. 
. Defining command \realsuperscript with sig. 'm' on line 60.
.................................................
.................................................
. LaTeX info: "xparse/define-command"
. 
. Defining command \textsubsuperscript with sig. 'sO{l}mm' on line 138.
.................................................
.................................................
. LaTeX info: "xparse/define-command"
. 
. Defining command \textsupersubscript with sig. 'sO{l}mm' on line 143.
.................................................
\subsupersep=\dimen144
)
("C:\Program Files\MiKTeX 2.9\tex\latex\metalogo\metalogo.sty"
Package: metalogo 2010/05/29 v0.12 Extended TeX logo macros
\xl@everylogo=\toks18
\xl@@everylogo=\toks19
LaTeX Info: Redefining \TeX on input line 193.
LaTeX Info: Redefining \LaTeX on input line 202.
LaTeX Info: Redefining \LaTeXe on input line 219.
)
\l__xetex_show_hyphens_wrapping_box=\box42
\l__xetex_show_hyphens_temp_box=\box43
\l__xetex_show_hyphens_final_box=\box44
\g__xetex_show_hyphens_word_box=\box45
)
("C:\Program Files\MiKTeX 2.9\tex\latex\polyglossia\polyglossia.sty"
Package: polyglossia 2015/03/25 v1.42.4 Alternative to Babel for XeLaTeX and Lu
aLaTeX

("C:\Program Files\MiKTeX 2.9\tex\latex\etoolbox\etoolbox.sty"
Package: etoolbox 2018/02/11 v2.5e e-TeX tools for LaTeX (JAW)
\etb@tempcnta=\count180
)
("C:\Program Files\MiKTeX 2.9\tex\latex\makecmds\makecmds.sty"
Package: makecmds 2009/09/03 v1.0a extra command making commands
)
("C:\Program Files\MiKTeX 2.9\tex\latex\xkeyval\xkeyval.sty"
Package: xkeyval 2014/12/03 v2.7a package option processing (HA)

("C:\Program Files\MiKTeX 2.9\tex\generic\xkeyval\xkeyval.tex"
("C:\Program Files\MiKTeX 2.9\tex\generic\xkeyval\xkvutils.tex"
\XKV@toks=\toks20
\XKV@tempa@toks=\toks21
)
\XKV@depth=\count181
File: xkeyval.tex 2014/12/03 v2.7a key=value parser (HA)
))
\xpg@normalclass=\XeTeXcharclass1
)
("C:\Program Files\MiKTeX 2.9\tex\latex\tools\indentfirst.sty"
Package: indentfirst 1995/11/23 v1.03 Indent first paragraph (DPC)
)
("C:\Program Files\MiKTeX 2.9\tex\latex\polyglossia\gloss-english.ldf"
File: gloss-english.ldf polyglossia: module for english
)
Package polyglossia Info: Default language is english.
\g__fontspec_family_Calibri_int=\count182
.................................................
. fontspec info: "defining-font"
. 
. Font family 'Calibri(0)' created for font 'Calibri' with options
. [Mapping=tex-text,Ligatures=TeX].
.  
.  This font family consists of the following NFSS series/shapes:
.  
. - 'normal' (m/n) with NFSS spec.:
. <->"Calibri/OT:script=latn;language=DFLT;mapping=tex-text;"
. - 'small caps'  (m/sc) with NFSS spec.:
. <->"Calibri/OT:script=latn;language=DFLT;+smcp;mapping=tex-text;"
. - 'bold' (bx/n) with NFSS spec.:
. <->"Calibri/B/OT:script=latn;language=DFLT;mapping=tex-text;"
. - 'bold small caps'  (bx/sc) with NFSS spec.:
. <->"Calibri/B/OT:script=latn;language=DFLT;+smcp;mapping=tex-text;"
. - 'italic' (m/it) with NFSS spec.:
. <->"Calibri/I/OT:script=latn;language=DFLT;mapping=tex-text;"
. - 'italic small caps'  (m/itsc) with NFSS spec.:
. <->"Calibri/I/OT:script=latn;language=DFLT;+smcp;mapping=tex-text;"
. - 'bold italic' (bx/it) with NFSS spec.:
. <->"Calibri/BI/OT:script=latn;language=DFLT;mapping=tex-text;"
. - 'bold italic small caps'  (bx/itsc) with NFSS spec.:
. <->"Calibri/BI/OT:script=latn;language=DFLT;+smcp;mapping=tex-text;"
.................................................
LaTeX Info: Redefining \sffamily on input line 15.
.................................................
. fontspec info: "no-scripts"
. 
. Font "STKaiti" does not contain any OpenType `Script' information.
.................................................
\g__fontspec_family_STKaiti_int=\count183
.................................................
. fontspec info: "no-font-shape"
. 
. Could not resolve font "SimHei/I" (it probably doesn't exist).
.................................................
.................................................
. fontspec info: "no-font-shape"
. 
. Could not resolve font "STKaiti/BI" (it probably doesn't exist).
.................................................
.................................................
. fontspec info: "no-font-shape"
. 
. Could not resolve font "STKaiti/I" (it probably doesn't exist).
.................................................
.................................................
. fontspec info: "defining-font"
. 
. Font family 'STKaiti(0)' created for font 'STKaiti' with options
. [Mapping=tex-text,Ligatures=TeX,BoldFont=SimHei].
.  
.  This font family consists of the following NFSS series/shapes:
.  
. - 'normal' (m/n) with NFSS spec.: <->"STKaiti/OT:mapping=tex-text;"
. - 'small caps'  (m/sc) with NFSS spec.: 
. - 'bold' (bx/n) with NFSS spec.: <->"SimHei/OT:mapping=tex-text;"
. - 'bold small caps'  (bx/sc) with NFSS spec.: 
.................................................
LaTeX Info: Redefining \rmfamily on input line 16.

("C:\Program Files\MiKTeX 2.9\tex\latex\amsmath\amsmath.sty"
Package: amsmath 2017/09/02 v2.17a AMS math features
\@mathmargin=\skip51

For additional information on amsmath, use the `?' option.
("C:\Program Files\MiKTeX 2.9\tex\latex\amsmath\amstext.sty"
Package: amstext 2000/06/29 v2.01 AMS text

("C:\Program Files\MiKTeX 2.9\tex\latex\amsmath\amsgen.sty"
File: amsgen.sty 1999/11/30 v2.0 generic functions
\@emptytoks=\toks22
\ex@=\dimen145
))
("C:\Program Files\MiKTeX 2.9\tex\latex\amsmath\amsbsy.sty"
Package: amsbsy 1999/11/29 v1.2d Bold Symbols
\pmbraise@=\dimen146
)
("C:\Program Files\MiKTeX 2.9\tex\latex\amsmath\amsopn.sty"
Package: amsopn 2016/03/08 v2.02 operator names
)
\inf@bad=\count184
LaTeX Info: Redefining \frac on input line 213.
\uproot@=\count185
\leftroot@=\count186
LaTeX Info: Redefining \overline on input line 375.
\classnum@=\count187
\DOTSCASE@=\count188
LaTeX Info: Redefining \ldots on input line 472.
LaTeX Info: Redefining \dots on input line 475.
LaTeX Info: Redefining \cdots on input line 596.
\Mathstrutbox@=\box46
\strutbox@=\box47
\big@size=\dimen147
LaTeX Font Info:    Redeclaring font encoding OML on input line 712.
LaTeX Font Info:    Redeclaring font encoding OMS on input line 713.
\macc@depth=\count189
\c@MaxMatrixCols=\count190
\dotsspace@=\muskip16
\c@parentequation=\count191
\dspbrk@lvl=\count192
\tag@help=\toks23
\row@=\count193
\column@=\count194
\maxfields@=\count195
\andhelp@=\toks24
\eqnshift@=\dimen148
\alignsep@=\dimen149
\tagshift@=\dimen150
\tagwidth@=\dimen151
\totwidth@=\dimen152
\lineht@=\dimen153
\@envbody=\toks25
\multlinegap=\skip52
\multlinetaggap=\skip53
\mathdisplay@stack=\toks26
LaTeX Info: Redefining \[ on input line 2817.
LaTeX Info: Redefining \] on input line 2818.
)
("C:\Program Files\MiKTeX 2.9\tex\latex\amsfonts\amsfonts.sty"
Package: amsfonts 2013/01/14 v3.01 Basic AMSFonts support
\symAMSa=\mathgroup4
\symAMSb=\mathgroup5
LaTeX Font Info:    Overwriting math alphabet `\mathfrak' in version `bold'
(Font)                  U/euf/m/n --> U/euf/b/n on input line 106.
)
("C:\Program Files\MiKTeX 2.9\tex\latex\amsfonts\amssymb.sty"
Package: amssymb 2013/01/14 v3.01 AMS font symbols
)
("C:\Program Files\MiKTeX 2.9\tex\latex\float\float.sty"
Package: float 2001/11/08 v1.3d Float enhancements (AL)
\c@float@type=\count196
\float@exts=\toks27
\float@box=\box48
\@float@everytoks=\toks28
\@floatcapt=\box49
)
("C:\Program Files\MiKTeX 2.9\tex\latex\abstract\abstract.sty"
Package: abstract 2009/06/08 v1.2a configurable abstracts
\abstitleskip=\skip54
\absleftindent=\skip55
\absrightindent=\skip56
\absparindent=\skip57
\absparsep=\skip58
)
("C:\Program Files\MiKTeX 2.9\tex\latex\geometry\geometry.sty"
Package: geometry 2010/09/12 v5.6 Page Geometry

("C:\Program Files\MiKTeX 2.9\tex\generic\oberdiek\ifpdf.sty"
Package: ifpdf 2017/03/15 v3.2 Provides the ifpdf switch
)
("C:\Program Files\MiKTeX 2.9\tex\generic\oberdiek\ifvtex.sty"
Package: ifvtex 2016/05/16 v1.6 Detect VTeX and its facilities (HO)
Package ifvtex Info: VTeX not detected.
)
\Gm@cnth=\count197
\Gm@cntv=\count198
\c@Gm@tempcnt=\count199
\Gm@bindingoffset=\dimen154
\Gm@wd@mp=\dimen155
\Gm@odd@mp=\dimen156
\Gm@even@mp=\dimen157
\Gm@layoutwidth=\dimen158
\Gm@layoutheight=\dimen159
\Gm@layouthoffset=\dimen160
\Gm@layoutvoffset=\dimen161
\Gm@dimlist=\toks29

("C:\Program Files\MiKTeX 2.9\tex\xelatex\xetexconfig\geometry.cfg"))
.................................................
. fontspec info: "no-scripts"
. 
. Font "STKaiti" does not contain any OpenType `Script' information.
.................................................
.................................................
. fontspec info: "no-font-shape"
. 
. Could not resolve font "STKaiti/BI" (it probably doesn't exist).
.................................................
.................................................
. fontspec info: "no-font-shape"
. 
. Could not resolve font "STKaiti/B" (it probably doesn't exist).
.................................................
.................................................
. fontspec info: "no-font-shape"
. 
. Could not resolve font "STKaiti/I" (it probably doesn't exist).
.................................................
.................................................
. fontspec info: "defining-font"
. 
. Font family 'STKaiti(1)' created for font 'STKaiti' with options
. [Mapping=tex-text].
.  
.  This font family consists of the following NFSS series/shapes:
.  
. - 'normal' (m/n) with NFSS spec.: <->"STKaiti/OT:mapping=tex-text;"
. - 'small caps'  (m/sc) with NFSS spec.: 
.................................................
.................................................
. fontspec info: "no-scripts"
. 
. Font "STKaiti" does not contain any OpenType `Script' information.
.................................................
\g__fontspec_family_TimesNewRoman_int=\count266
.................................................
. fontspec info: "defining-font"
. 
. Font family 'TimesNewRoman(0)' created for font 'Times New Roman' with
. options [Mapping=tex-text,Color=MSLightBlue].
.  
.  This font family consists of the following NFSS series/shapes:
.  
. - 'normal' (m/n) with NFSS spec.: <->"Times New
. Roman/OT:script=latn;language=DFLT;mapping=tex-text;"
. - 'small caps'  (m/sc) with NFSS spec.: <->"Times New
. Roman/OT:script=latn;language=DFLT;+smcp;mapping=tex-text;"
. - 'bold' (bx/n) with NFSS spec.: <->"Times New
. Roman/B/OT:script=latn;language=DFLT;mapping=tex-text;"
. - 'bold small caps'  (bx/sc) with NFSS spec.: <->"Times New
. Roman/B/OT:script=latn;language=DFLT;+smcp;mapping=tex-text;"
. - 'italic' (m/it) with NFSS spec.: <->"Times New
. Roman/I/OT:script=latn;language=DFLT;mapping=tex-text;"
. - 'italic small caps'  (m/itsc) with NFSS spec.: <->"Times New
. Roman/I/OT:script=latn;language=DFLT;+smcp;mapping=tex-text;"
. - 'bold italic' (bx/it) with NFSS spec.: <->"Times New
. Roman/BI/OT:script=latn;language=DFLT;mapping=tex-text;"
. - 'bold italic small caps'  (bx/itsc) with NFSS spec.: <->"Times New
. Roman/BI/OT:script=latn;language=DFLT;+smcp;mapping=tex-text;"
.................................................

No file 鲸鱼优化算法报告.aux.
\openout1 = `鲸鱼优化算法报告.aux'.

LaTeX Font Info:    Checking defaults for OML/cmm/m/it on input line 45.
LaTeX Font Info:    ... okay on input line 45.
LaTeX Font Info:    Checking defaults for T1/cmr/m/n on input line 45.
LaTeX Font Info:    ... okay on input line 45.
LaTeX Font Info:    Checking defaults for OT1/cmr/m/n on input line 45.
LaTeX Font Info:    ... okay on input line 45.
LaTeX Font Info:    Checking defaults for OMS/cmsy/m/n on input line 45.
LaTeX Font Info:    ... okay on input line 45.
LaTeX Font Info:    Checking defaults for TU/lmr/m/n on input line 45.
LaTeX Font Info:    ... okay on input line 45.
LaTeX Font Info:    Checking defaults for OMX/cmex/m/n on input line 45.
LaTeX Font Info:    ... okay on input line 45.
LaTeX Font Info:    Checking defaults for U/cmr/m/n on input line 45.
LaTeX Font Info:    ... okay on input line 45.
LaTeX Font Info:    Checking defaults for T3/cmr/m/n on input line 45.
LaTeX Font Info:    Try loading font information for T3+cmr on input line 45.
("C:\Program Files\MiKTeX 2.9\tex\latex\tipa\t3cmr.fd"
File: t3cmr.fd 2001/12/31 TIPA font definitions
)
LaTeX Font Info:    ... okay on input line 45.
.................................................
. fontspec info: "setup-math"
. 
. Adjusting the maths setup (use [no-math] to avoid this).
.................................................
\symlegacymaths=\mathgroup6
LaTeX Font Info:    Overwriting symbol font `legacymaths' in version `bold'
(Font)                  OT1/cmr/m/n --> OT1/cmr/bx/n on input line 45.
LaTeX Font Info:    Redeclaring math accent \acute on input line 45.
LaTeX Font Info:    Redeclaring math accent \grave on input line 45.
LaTeX Font Info:    Redeclaring math accent \ddot on input line 45.
LaTeX Font Info:    Redeclaring math accent \tilde on input line 45.
LaTeX Font Info:    Redeclaring math accent \bar on input line 45.
LaTeX Font Info:    Redeclaring math accent \breve on input line 45.
LaTeX Font Info:    Redeclaring math accent \check on input line 45.
LaTeX Font Info:    Redeclaring math accent \hat on input line 45.
LaTeX Font Info:    Redeclaring math accent \dot on input line 45.
LaTeX Font Info:    Redeclaring math accent \mathring on input line 45.
LaTeX Font Info:    Redeclaring math symbol \Gamma on input line 45.
LaTeX Font Info:    Redeclaring math symbol \Delta on input line 45.
LaTeX Font Info:    Redeclaring math symbol \Theta on input line 45.
LaTeX Font Info:    Redeclaring math symbol \Lambda on input line 45.
LaTeX Font Info:    Redeclaring math symbol \Xi on input line 45.
LaTeX Font Info:    Redeclaring math symbol \Pi on input line 45.
LaTeX Font Info:    Redeclaring math symbol \Sigma on input line 45.
LaTeX Font Info:    Redeclaring math symbol \Upsilon on input line 45.
LaTeX Font Info:    Redeclaring math symbol \Phi on input line 45.
LaTeX Font Info:    Redeclaring math symbol \Psi on input line 45.
LaTeX Font Info:    Redeclaring math symbol \Omega on input line 45.
LaTeX Font Info:    Redeclaring math symbol \mathdollar on input line 45.
LaTeX Font Info:    Redeclaring symbol font `operators' on input line 45.
LaTeX Font Info:    Encoding `OT1' has changed to `TU' for symbol font
(Font)              `operators' in the math version `normal' on input line 45.
LaTeX Font Info:    Overwriting symbol font `operators' in version `normal'
(Font)                  OT1/cmr/m/n --> TU/STKaiti(0)/m/n on input line 45.
LaTeX Font Info:    Encoding `OT1' has changed to `TU' for symbol font
(Font)              `operators' in the math version `bold' on input line 45.
LaTeX Font Info:    Overwriting symbol font `operators' in version `bold'
(Font)                  OT1/cmr/bx/n --> TU/STKaiti(0)/m/n on input line 45.
LaTeX Font Info:    Overwriting symbol font `operators' in version `normal'
(Font)                  TU/STKaiti(0)/m/n --> TU/STKaiti(0)/m/n on input line 4
5.
LaTeX Font Info:    Overwriting math alphabet `\mathit' in version `normal'
(Font)                  OT1/cmr/m/it --> TU/STKaiti(0)/m/it on input line 45.
LaTeX Font Info:    Overwriting math alphabet `\mathbf' in version `normal'
(Font)                  OT1/cmr/bx/n --> TU/STKaiti(0)/bx/n on input line 45.
LaTeX Font Info:    Overwriting math alphabet `\mathsf' in version `normal'
(Font)                  OT1/cmss/m/n --> TU/Calibri(0)/m/n on input line 45.
LaTeX Font Info:    Overwriting math alphabet `\mathtt' in version `normal'
(Font)                  OT1/cmtt/m/n --> TU/lmtt/m/n on input line 45.
LaTeX Font Info:    Overwriting symbol font `operators' in version `bold'
(Font)                  TU/STKaiti(0)/m/n --> TU/STKaiti(0)/bx/n on input line 
45.
LaTeX Font Info:    Overwriting math alphabet `\mathit' in version `bold'
(Font)                  OT1/cmr/bx/it --> TU/STKaiti(0)/bx/it on input line 45.

LaTeX Font Info:    Overwriting math alphabet `\mathsf' in version `bold'
(Font)                  OT1/cmss/bx/n --> TU/Calibri(0)/bx/n on input line 45.
LaTeX Font Info:    Overwriting math alphabet `\mathtt' in version `bold'
(Font)                  OT1/cmtt/m/n --> TU/lmtt/bx/n on input line 45.

*geometry* detected driver: pdftex
*geometry* verbose mode - [ preamble ] result:
* driver: pdftex
* paper: a4paper
* layout: <same size as paper>
* layoutoffset:(h,v)=(0.0pt,0.0pt)
* modes: 
* h-part:(L,W,R)=(56.9055pt, 483.69687pt, 56.9055pt)
* v-part:(T,H,B)=(56.9055pt, 731.23584pt, 56.9055pt)
* \paperwidth=597.50787pt
* \paperheight=845.04684pt
* \textwidth=483.69687pt
* \textheight=731.23584pt
* \oddsidemargin=-15.36449pt
* \evensidemargin=-15.36449pt
* \topmargin=-52.36449pt
* \headheight=12.0pt
* \headsep=25.0pt
* \topskip=12.0pt
* \footskip=30.0pt
* \marginparwidth=35.0pt
* \marginparsep=10.0pt
* \columnsep=10.0pt
* \skip\footins=10.8pt plus 4.0pt minus 2.0pt
* \hoffset=0.0pt
* \voffset=0.0pt
* \mag=1000
* \@twocolumnfalse
* \@twosidefalse
* \@mparswitchfalse
* \@reversemarginfalse
* (1in=72.27pt=25.4mm, 1cm=28.453pt)

LaTeX Font Info:    Try loading font information for U+msa on input line 53.
("C:\Program Files\MiKTeX 2.9\tex\latex\amsfonts\umsa.fd"
File: umsa.fd 2013/01/14 v3.01 AMS symbols A
)
LaTeX Font Info:    Try loading font information for U+msb on input line 53.

("C:\Program Files\MiKTeX 2.9\tex\latex\amsfonts\umsb.fd"
File: umsb.fd 2013/01/14 v3.01 AMS symbols B
)
Overfull \hbox (1.71603pt too wide) in paragraph at lines 57--58
[]\TU/STKaiti(0)/m/n/10.95 本文对Seyedali Mirjalili等人提出的鲸鱼优化算法进行了比较深入浅出的阐述，从算法的
 []


Overfull \hbox (3.35301pt too wide) in paragraph at lines 57--58
\TU/STKaiti(0)/m/n/10.95 灵感来源、模型建立到伪代码实现都进行了更加详细地分析和叙述。本文还设计了该算法
 []


Overfull \hbox (8.48856pt too wide) in paragraph at lines 57--58
\TU/STKaiti(0)/m/n/10.95 的可视化模拟程序，通过在二维空间搜索4个典型的凸函数和非凸函数的最优解，来直观地
 []


Overfull \hbox (14.30301pt too wide) in paragraph at lines 57--58
\TU/STKaiti(0)/m/n/10.95 分析和理解鲸鱼优化算法的位置变换策略和搜索过程，给出了对鲸鱼优化算法的主观评价。 
 []


LaTeX Font Warning: Font shape `TU/STKaiti(1)/bx/n' undefined
(Font)              using `TU/STKaiti(1)/m/n' instead on input line 60.


Overfull \hbox (8.30313pt too wide) in paragraph at lines 61--62
\TU/STKaiti(0)/m/n/12 出的一种基于群聚的生物智能算法，通过模拟座头鲸鱼群捕食磷虾的行为，建模出了鲸鱼优化
 []


Overfull \hbox (8.30313pt too wide) in paragraph at lines 63--64
[]\TU/STKaiti(0)/m/n/12 从生物的角度看，从鲸鱼的捕食行为获取生物智能优化算法是非常合情合理的。因为鲸鱼
 []


Overfull \hbox (8.30313pt too wide) in paragraph at lines 63--64
\TU/STKaiti(0)/m/n/12 是一种非常神奇的生物，他们被认为是高度聪明的动物，且有着像人类一样的感情，已被证明
 []


Overfull \hbox (8.30313pt too wide) in paragraph at lines 63--64
\TU/STKaiti(0)/m/n/12 鲸鱼在大脑的某些区域有和人类的梭形细胞相似的细胞，而这些细胞恰恰负责人类的决策、情
 []


Overfull \hbox (8.30313pt too wide) in paragraph at lines 63--64
\TU/STKaiti(0)/m/n/12 绪和社会行为。鲸鱼的聪明正是因为他们有人类两倍的这种梭形细胞，他们可以像人类一样思
 []


Overfull \hbox (8.30313pt too wide) in paragraph at lines 63--64
\TU/STKaiti(0)/m/n/12 考、学习、决策、社交（拥有一生的家庭），甚至拥有情感并产生自己的方言，只不过这些行
 []

File: figure/bubble_net.png Graphic file (type bmp)
<figure/bubble_net.png>

Overfull \hbox (8.30313pt too wide) in paragraph at lines 65--70
[]\TU/STKaiti(0)/m/n/12 鲸鱼优化算法是根据座头鲸捕食磷虾的行为来建模的，座头鲸捕食磷虾主要是通过向上螺
 []


Overfull \hbox (13.18713pt too wide) in paragraph at lines 71--72
[]\TU/STKaiti(0)/m/n/12 如图1所示，一只座头鲸在捕食磷虾时，首先下潜到水下12米的位置，开始不断制造起泡，
 []


Overfull \hbox (8.30313pt too wide) in paragraph at lines 71--72
\TU/STKaiti(0)/m/n/12 并按照螺旋形状朝着水面游动。这些气泡像一张不断收缩的大网，使磷虾群就不断被起泡逼迫
 []


Overfull \hbox (8.30313pt too wide) in paragraph at lines 73--74
[]\TU/STKaiti(0)/m/n/12 鲸鱼优化算法就是利用多条鲸鱼，将磷虾群当做局部最优解，鲸鱼所在位置当做当前搜索
 []


Overfull \hbox (8.30313pt too wide) in paragraph at lines 73--74
\TU/STKaiti(0)/m/n/12 的解的位置，朝着局部最优解按螺旋或包围收缩变换位置，发现更好的解来更新局部最优解，
 []

[1

]
Overfull \hbox (8.30313pt too wide) in paragraph at lines 78--79
[]\TU/STKaiti(0)/m/n/12 直观上讲，鲸鱼优化算法就是在一个优化问题的解空间中，不断朝着局部最优解的方向，
 []


Overfull \hbox (8.30313pt too wide) in paragraph at lines 78--79
\TU/STKaiti(0)/m/n/12 以某种方式迭代变换当前搜索位置，不断找出更优解的过程。作者将算法分为了两个阶段，分
 []


Overfull \hbox (8.30313pt too wide) in paragraph at lines 80--81
[]\TU/STKaiti(0)/m/n/12 在开发阶段，分别按照包围收缩和螺旋形朝着局部最优解的方向更新位置，在更新的过程
 []


Overfull \hbox (8.30313pt too wide) in paragraph at lines 80--81
\TU/STKaiti(0)/m/n/12 中，每遇到比局部最优解更好的解，就把它作为当前的局部最优解，朝着它不断更新位置。这
 []


Overfull \hbox (8.30313pt too wide) in paragraph at lines 80--81
\TU/STKaiti(0)/m/n/12 一阶段的主要目的是尽可能穷尽搜索当前局部最优解附近的更好的解，即尽可能更完全地开发
 []


Overfull \hbox (8.30313pt too wide) in paragraph at lines 82--83
[]\TU/STKaiti(0)/m/n/12 在探索阶段，按照包围收缩的方式朝着随机选定的一个位置收缩更新位置，同样在更新的
 []


Overfull \hbox (20.30313pt too wide) in paragraph at lines 82--83
\TU/STKaiti(0)/m/n/12 过程中，用新的局部最优解代替旧的局部最优解，但探索阶段始终朝着随机位置更新搜索位置。
 []


Overfull \hbox (20.30313pt too wide) in paragraph at lines 85--86
[]\TU/STKaiti(0)/m/n/12 鲸鱼优化算法假定全局最优解靠近局部最优解，于是便可以向着局部最优解不断收缩位置，
 []


Overfull \hbox (22.06773pt too wide) in paragraph at lines 89--90
[]\TU/STKaiti(0)/m/n/12 其中，$\OML/cmm/m/it/12 t$\TU/STKaiti(0)/m/n/12 代表当前的迭代次数；
$[]$和$[]$是系数向量；$[]$是当前搜索到的局部最优解的位置（坐
 []


Overfull \hbox (22.33153pt too wide) in paragraph at lines 89--90
\TU/STKaiti(0)/m/n/12 标）；$[]$是当前鲸鱼所处的搜索位置；||是绝对值运算（即将向量中的负数都变成非负数）；$\OMS/cmsy/m
/n/12 ^^A$\TU/STKaiti(0)/m/n/12 是
 []

File: figure/encircling.png Graphic file (type bmp)
<figure/encircling.png>
[2]
Overfull \hbox (9.03879pt too wide) in paragraph at lines 104--105
[]\TU/STKaiti(0)/m/n/12 我们先看图2左图，首先对2.1式忽略系数向量$[]$，那么$[]$其实就是当前所在位置$\OT1/cmr/m/
n/12 (\OML/cmm/m/it/12 X; Y\OT1/cmr/m/n/12 )$\TU/STKaiti(0)/m/n/12 和局
 []


Overfull \hbox (3.02155pt too wide) in paragraph at lines 104--105
\TU/STKaiti(0)/m/n/12 部最优位置$\OT1/cmr/m/n/12 (\OML/cmm/m/it/12 X[]; Y[]\OT1/cmr/
m/n/12 )$\TU/STKaiti(0)/m/n/12 之间的坐标差的绝对值向量，再对2.2式忽略系数$[]$，那么下次迭代搜索的
 []


Overfull \hbox (15.56726pt too wide) in paragraph at lines 106--107
[]\TU/STKaiti(0)/m/n/12 为了使下次搜索位置能在相对于$\OT1/cmr/m/n/12 (\OML/cmm/m/it/12 X[]; Y
[]\OT1/cmr/m/n/12 )$\TU/STKaiti(0)/m/n/12 的一个包围圈上变换，就用到了系数$[]$，$[]$中的$[]$是
 []


Overfull \hbox (10.63649pt too wide) in paragraph at lines 106--107
\TU/STKaiti(0)/m/n/12 0到1之间，因此$[]$就在$\OT1/cmr/m/n/12 [\OMS/cmsy/m/n/12 ^^@[]\OM
L/cmm/m/it/12 ; []\OT1/cmr/m/n/12 ]$\TU/STKaiti(0)/m/n/12 之间，可见$[]$向量每个元素的符号都是随
机生成的，那么它与坐标
 []


Overfull \hbox (8.30313pt too wide) in paragraph at lines 106--107
\TU/STKaiti(0)/m/n/12 差的绝对值向量进行对应元素相乘后，实际的坐标差向量中每个元素符号都会随机生成，下次
 []


Overfull \hbox (0.23262pt too wide) in paragraph at lines 108--109
[]\TU/STKaiti(0)/m/n/12 最后再看图2右图，当$[]$如果从1变为0时（从2到1在探索阶段再考虑），不管随机向量$[]$如
 []


Overfull \hbox (8.30313pt too wide) in paragraph at lines 108--109
\TU/STKaiti(0)/m/n/12 量，实质上就是对当前最优位置进行了随机的波动，以增加位置更新的随机性，以更好地开发
 []


Overfull \hbox (22.11392pt too wide) in paragraph at lines 114--115
[]\TU/STKaiti(0)/m/n/12 此处的$[] \OT1/cmr/m/n/12 = \OMS/cmsy/m/n/12 j[]\OT1/cmr/m
/n/12 (\OML/cmm/m/it/12 t\OT1/cmr/m/n/12 ) \OMS/cmsy/m/n/12 ^^@ []\OT1/cmr/m/n/
12 (\OML/cmm/m/it/12 t\OT1/cmr/m/n/12 )\OMS/cmsy/m/n/12 j$\TU/STKaiti(0)/m/n/12
 是局部最优位置和当前鲸鱼所在搜索位置的坐标差的绝对值；$\OML/cmm/m/it/12 e[]$\TU/STKaiti(0)/m/n/12 是
 []


Overfull \hbox (8.07477pt too wide) in paragraph at lines 114--115
\TU/STKaiti(0)/m/n/12 对数螺线的定义，指螺线相对圆心位置成指数倍增长；$\OML/cmm/m/it/12 b$\TU/STKaiti(0
)/m/n/12 是定义螺旋形状的常数；$\OML/cmm/m/it/12 l$\TU/STKaiti(0)/m/n/12 是-1到1之间
 []

File: figure/spiral.png Graphic file (type bmp)
<figure/spiral.png>

Overfull \hbox (0.73808pt too wide) in paragraph at lines 123--124
[]\TU/STKaiti(0)/m/n/12 从公式$\OML/cmm/m/it/12 D[] \OMS/cmsy/m/n/12 ^^A \OML/cmm/
m/it/12 e[]$\TU/STKaiti(0)/m/n/12 可以看出，下次迭代位置与当前最优位置坐标上的差距是指数趋势变化的。
 []


Overfull \hbox (5.86171pt too wide) in paragraph at lines 123--124
\TU/STKaiti(0)/m/n/12 如果没有后面的$\OML/cmm/m/it/12 cos\OT1/cmr/m/n/12 (2\OML/cmm/m/
it/12 ^^Yl\OT1/cmr/m/n/12 )$\TU/STKaiti(0)/m/n/12 项，那么下一次迭代搜索的位置总在$\OML/cmm/m/i
t/12 X[]$\TU/STKaiti(0)/m/n/12 最优位置的右上方，因为所有
 []


Overfull \hbox (2.4166pt too wide) in paragraph at lines 123--124
\TU/STKaiti(0)/m/n/12 值都是非负的。于是增加$\OML/cmm/m/it/12 cos\OT1/cmr/m/n/12 (2\OML/cm
m/m/it/12 ^^Yl\OT1/cmr/m/n/12 )$\TU/STKaiti(0)/m/n/12 系数来让坐标差的绝对值向量每个元素符号随机变化，以
搜
 []

[3]
Overfull \hbox (8.30313pt too wide) in paragraph at lines 125--126
[]\TU/STKaiti(0)/m/n/12 至此，已经对两种开发阶段变换位置的方式进行了解释，需要注意的是，包围收缩变换位
 []


Overfull \hbox (5.11137pt too wide) in paragraph at lines 125--126
\TU/STKaiti(0)/m/n/12 置是从外向内收缩变换的，而螺线变换位置由于没有$[]$系数，因此向里还是向外随机选定的。
 []


Overfull \hbox (5.76265pt too wide) in paragraph at lines 133--134
[]\TU/STKaiti(0)/m/n/12 其中$\OML/cmm/m/it/12 p$\TU/STKaiti(0)/m/n/12 是概率，$\OML/c
mm/m/it/12 p$\TU/STKaiti(0)/m/n/12 小于0.5时，采取包围收缩的方式更新位置，当$\OML/cmm/m/it/12 p$\T
U/STKaiti(0)/m/n/12 不小于0.5时，采取螺旋线
 []


Overfull \hbox (8.30313pt too wide) in paragraph at lines 136--137
\TU/STKaiti(0)/m/n/12 新的，这种搜索方式所能找到的最优解非常依赖于初始搜索到的局部最优位置，且搜索过程中
 []


Overfull \hbox (8.30313pt too wide) in paragraph at lines 136--137
\TU/STKaiti(0)/m/n/12 不容易跳出当前局部最优解的附近范围。因此，需要引入跳出局部最优解的方法，就是随机包
 []

File: figure/exploration.png Graphic file (type bmp)
<figure/exploration.png>

Overfull \hbox (26.17259pt too wide) in paragraph at lines 142--147
[]\TU/STKaiti(0)/m/n/12 公式与包围收缩位置的公式几乎相同，只不过把原来的X*换成了随机选定的一个位置$[]$，
 []


Overfull \hbox (4.8011pt too wide) in paragraph at lines 142--147
\TU/STKaiti(0)/m/n/12 此时就用到了$[]$从2到1的变化情况，作者设计在$[]$从2到1变化时，随机选定$[]$位置，向这个
 []


Overfull \hbox (4.36739pt too wide) in paragraph at lines 142--147
\TU/STKaiti(0)/m/n/12 随机位置包围收缩更新位置，不断搜索新的最优解。而$[]$从1变到0时，只是朝着局部最优解包
 []


Overfull \hbox (46.39102pt too wide) in paragraph at lines 149--150
[]\TU/STKaiti(0)/m/n/12 图4是$[]$在2到1过程中，按随机包围收缩更新位置的方式，朝着随机位置$[]$（图中的$\OT1/cmr/m
/n/12 (\OML/cmm/m/it/12 X[]; Y[]\OT1/cmr/m/n/12 )$\TU/STKaiti(0)/m/n/12 ）
 []


Overfull \hbox (6.25139pt too wide) in paragraph at lines 149--150
\TU/STKaiti(0)/m/n/12 包围收缩搜索更优解的过程，当$[]$从1到0时，就不这么继续搜索了，而是继续回到2.1公式的收
 []

[4]

LaTeX Font Warning: Font shape `TU/STKaiti(0)/bx/it' undefined
(Font)              using `TU/STKaiti(0)/bx/n' instead on input line 160.


Overfull \hbox (8.30313pt too wide) in paragraph at lines 200--201
[]\TU/STKaiti(0)/m/n/12 初始时，随机初始化一群鲸鱼（初代的搜索位置），计算每个位置的适应度选择出局部最
 []


Overfull \hbox (17.73381pt too wide) in paragraph at lines 202--203
[]\TU/STKaiti(0)/m/n/12 在循环迭代过程中，对每个鲸鱼（搜索位置）按2中介绍的公式计算$[]$，$[]$，$[]$，$\OML/cmm/
m/it/12 l$\TU/STKaiti(0)/m/n/12 和$\OML/cmm/m/it/12 p$\TU/STKaiti(0)/m/n/12 。当$\
OML/cmm/m/it/12 p$\TU/STKaiti(0)/m/n/12 小
 []


Overfull \hbox (10.0194pt too wide) in paragraph at lines 202--203
\TU/STKaiti(0)/m/n/12 于0.5时，根据$[]$大于1还是小于1分别选择2.1式的包围收缩方式和2.8式的随机包围收缩方式更新
 []


Overfull \hbox (5.9683pt too wide) in paragraph at lines 202--203
\TU/STKaiti(0)/m/n/12 这个鲸鱼的位置；当$\OML/cmm/m/it/12 p$\TU/STKaiti(0)/m/n/12 大于0.5时
，按2.5的螺旋更新位置方式更新该鲸鱼的位置。每次更新完位
 []


Overfull \hbox (8.30313pt too wide) in paragraph at lines 202--203
\TU/STKaiti(0)/m/n/12 置后，首先对不合法的位置进行修正，然后计算每个鲸鱼新位置的适应度，更新最优解的位置
 []


Overfull \hbox (2.66313pt too wide) in paragraph at lines 207--208
[]\TU/STKaiti(0)/m/n/12 本文利用OpenCV设计了一个可视化的在二维空间上搜索最优解的模拟程序，来直观地模
 []


Overfull \hbox (8.30313pt too wide) in paragraph at lines 207--208
\TU/STKaiti(0)/m/n/12 拟展示鲸鱼优化算法的搜索过程，实际上，利用该程序可以模拟任何三维曲面在二维空间利用
 []


Overfull \hbox (4.53513pt too wide) in paragraph at lines 207--208
\TU/STKaiti(0)/m/n/12 WOA算法搜索最优值的过程，本文分别以一个凸函数和一个凹函数来直观展示WOA的搜索过
 []


Overfull \hbox (8.30313pt too wide) in paragraph at lines 209--210
[]\TU/STKaiti(0)/m/n/12 每幅图中，白色方框代表当前的局部最优值，周围的白色圆点代表所有鲸鱼所在的当前位
 []

File: figure/a.png Graphic file (type bmp)
<figure/a.png>

Overfull \hbox (4.99112pt too wide) in paragraph at lines 212--217
\TU/STKaiti(0)/m/n/12 定在(0,0)处，$[]$值从1开始递减，来分别展示收缩包围和螺旋更新位置的两种策略。通过修改算
 []


Overfull \hbox (5.26028pt too wide) in paragraph at lines 212--217
\TU/STKaiti(0)/m/n/12 法中的$\OML/cmm/m/it/12 p$\TU/STKaiti(0)/m/n/12 和$[]$，设置当前局部
最优解为最优解(0,0)，来将循环中的判断条件控制在包围收缩操作
 []

[5]
File: figure/b.png Graphic file (type bmp)
<figure/b.png>

Overfull \hbox (1.93114pt too wide) in paragraph at lines 219--224
[]\TU/STKaiti(0)/m/n/12 图5是包围收缩的迭代过程，由此可见，包围收缩更新位置策略能让周围的鲸鱼迅速向中
 []


Overfull \hbox (4.82314pt too wide) in paragraph at lines 226--227
[]\TU/STKaiti(0)/m/n/12 图6是螺旋更新位置策略，虽然并没有加入包围的策略，但由于l在[-1,1]随机变化的原因，
 []

File: figure/c.png Graphic file (type bmp)
<figure/c.png>

Overfull \hbox (11.67513pt too wide) in paragraph at lines 229--234
\TU/STKaiti(0)/m/n/12 示WOA三种位置更新策略混合作用下的搜索过程。鲸鱼数目为25条，每次迭代的鲸鱼位置如图
 []

[6]
Overfull \hbox (6.81512pt too wide) in paragraph at lines 236--237
[]\TU/STKaiti(0)/m/n/12 可以看到，中间方框的局部最优解逐步收缩到中心的全局最优解，在第10代到11代时，可
 []

File: figure/d.png Graphic file (type bmp)
<figure/d.png>
[7]
File: figure/e.png Graphic file (type bmp)
<figure/e.png>

Overfull \hbox (7.55914pt too wide) in paragraph at lines 246--251
[]\TU/STKaiti(0)/m/n/12 图8可以看到，在两个全局最优解中，算法收敛到了下面一个全局最优解附近，还是第9–
 []

[8]
Overfull \hbox (0.41913pt too wide) in paragraph at lines 253--254
[]\TU/STKaiti(0)/m/n/12 在这个函数中，只有中间的深蓝色是全局最优解。可以看到，WOA在运行过程中，首先
 []


Overfull \hbox (3.18715pt too wide) in paragraph at lines 253--254
\TU/STKaiti(0)/m/n/12 1 6代由向下面一个局部最优解收敛的趋势，但由于第7代一条鲸鱼变换到了中间全局最优解的
 []


Overfull \hbox (8.30313pt too wide) in paragraph at lines 253--254
\TU/STKaiti(0)/m/n/12 附近，使得所有其他陷于局部最优的鲸鱼都朝他包围收缩或螺旋变换位置，最终收敛到了全局
 []


Overfull \hbox (0.41913pt too wide) in paragraph at lines 256--257
[]\TU/STKaiti(0)/m/n/12 通过模拟程序，可以看到在WOA算法中：包围收缩是一个快速版的收缩过程，螺旋变换
 []


Overfull \hbox (8.30313pt too wide) in paragraph at lines 256--257
\TU/STKaiti(0)/m/n/12 是一个慢速的收缩过程，而随机探索是一个跳出局部最优的主要手段。这三种过程相互配合生
 []


Overfull \hbox (8.30313pt too wide) in paragraph at lines 256--257
\TU/STKaiti(0)/m/n/12 效的主要假设是局部最优解的附近有全局最优解，因此对于局部最优和全局最优在空间上差距
 []


Overfull \hbox (8.30313pt too wide) in paragraph at lines 256--257
\TU/STKaiti(0)/m/n/12 不大的情况下，能有很好的收敛速度。而对于某些极为苛刻的非凸函数，则需要较长时间的随
 []


Overfull \hbox (20.30313pt too wide) in paragraph at lines 256--257
\TU/STKaiti(0)/m/n/12 机探索才能收敛到全局最优解附近。因此针对各种实际情况，合理分配这三种过程发生的频率，
 []

[9] (鲸鱼优化算法报告.aux)

LaTeX Font Warning: Some font shapes were not available, defaults substituted.

 ) 
Here is how much of TeX's memory you used:
 17224 strings out of 427836
 333270 string characters out of 3152479
 421085 words of memory out of 3000000
 21031 multiletter control sequences out of 15000+200000
 538433 words of font info for 88 fonts, out of 3000000 for 9000
 1328 hyphenation exceptions out of 8191
 39i,11n,68p,10431b,263s stack positions out of 5000i,500n,10000p,200000b,50000s

Output written on 鲸鱼优化算法报告.pdf (9 pages).
